# JRE version: OpenJDK Runtime Environment (8.0_202-b03) (build 1.8.0_202-release-1483-b03)
# Java VM: OpenJDK 64-Bit Server VM (25.202-b03 mixed mode windows-amd64 compressed oops)
Heap:
 PSYoungGen      total 136704K, used 106397K [0x00000000e0000000, 0x00000000eb580000, 0x0000000100000000)
  eden space 124928K, 75% used [0x00000000e0000000,0x00000000e5c88c88,0x00000000e7a00000)
  from space 11776K, 98% used [0x00000000eaa00000,0x00000000eb55eb58,0x00000000eb580000)
  to   space 17920K, 0% used [0x00000000e9280000,0x00000000e9280000,0x00000000ea400000)
 ParOldGen       total 256512K, used 31046K [0x00000000a0000000, 0x00000000afa80000, 0x00000000e0000000)
  object space 256512K, 12% used [0x00000000a0000000,0x00000000a1e51848,0x00000000afa80000)
 Metaspace       used 65694K, capacity 67732K, committed 68056K, reserved 1107968K
  class space    used 8639K, capacity 9133K, committed 9216K, reserved 1048576K
GC Heap History (10 events):
Event: 12.603 GC heap before
{Heap before GC invocations=9 (full 2):
 PSYoungGen      total 107520K, used 96256K [0x00000000e0000000, 0x00000000e7600000, 0x0000000100000000)
  eden space 96256K, 100% used [0x00000000e0000000,0x00000000e5e00000,0x00000000e5e00000)
  from space 11264K, 0% used [0x00000000e6b00000,0x00000000e6b00000,0x00000000e7600000)
  to   space 12288K, 0% used [0x00000000e5e00000,0x00000000e5e00000,0x00000000e6a00000)
 ParOldGen       total 177664K, used 17465K [0x00000000a0000000, 0x00000000aad80000, 0x00000000e0000000)
  object space 177664K, 9% used [0x00000000a0000000,0x00000000a110e4d0,0x00000000aad80000)
 Metaspace       used 44755K, capacity 45586K, committed 45912K, reserved 1089536K
  class space    used 6014K, capacity 6241K, committed 6272K, reserved 1048576K
Event: 12.613 GC heap after
Heap after GC invocations=9 (full 2):
 PSYoungGen      total 108544K, used 12265K [0x00000000e0000000, 0x00000000e9980000, 0x0000000100000000)
  eden space 96256K, 0% used [0x00000000e0000000,0x00000000e0000000,0x00000000e5e00000)
  from space 12288K, 99% used [0x00000000e5e00000,0x00000000e69fa578,0x00000000e6a00000)
  to   space 13824K, 0% used [0x00000000e8c00000,0x00000000e8c00000,0x00000000e9980000)
 ParOldGen       total 177664K, used 18100K [0x00000000a0000000, 0x00000000aad80000, 0x00000000e0000000)
  object space 177664K, 10% used [0x00000000a0000000,0x00000000a11ad068,0x00000000aad80000)
 Metaspace       used 44755K, capacity 45586K, committed 45912K, reserved 1089536K
  class space    used 6014K, capacity 6241K, committed 6272K, reserved 1048576K
}
Event: 14.714 GC heap before
{Heap before GC invocations=10 (full 2):
 PSYoungGen      total 108544K, used 108521K [0x00000000e0000000, 0x00000000e9980000, 0x0000000100000000)
  eden space 96256K, 100% used [0x00000000e0000000,0x00000000e5e00000,0x00000000e5e00000)
  from space 12288K, 99% used [0x00000000e5e00000,0x00000000e69fa578,0x00000000e6a00000)
  to   space 13824K, 0% used [0x00000000e8c00000,0x00000000e8c00000,0x00000000e9980000)
 ParOldGen       total 177664K, used 18100K [0x00000000a0000000, 0x00000000aad80000, 0x00000000e0000000)
  object space 177664K, 10% used [0x00000000a0000000,0x00000000a11ad068,0x00000000aad80000)
 Metaspace       used 52181K, capacity 53518K, committed 53848K, reserved 1095680K
  class space    used 7084K, capacity 7434K, committed 7552K, reserved 1048576K
Event: 14.729 GC heap after
Heap after GC invocations=10 (full 2):
 PSYoungGen      total 140800K, used 13794K [0x00000000e0000000, 0x00000000e9f00000, 0x0000000100000000)
  eden space 126976K, 0% used [0x00000000e0000000,0x00000000e0000000,0x00000000e7c00000)
  from space 13824K, 99% used [0x00000000e8c00000,0x00000000e9978908,0x00000000e9980000)
  to   space 16384K, 0% used [0x00000000e7c00000,0x00000000e7c00000,0x00000000e8c00000)
 ParOldGen       total 177664K, used 21111K [0x00000000a0000000, 0x00000000aad80000, 0x00000000e0000000)
  object space 177664K, 11% used [0x00000000a0000000,0x00000000a149dc80,0x00000000aad80000)
 Metaspace       used 52181K, capacity 53518K, committed 53848K, reserved 1095680K
  class space    used 7084K, capacity 7434K, committed 7552K, reserved 1048576K
}
Event: 16.126 GC heap before
{Heap before GC invocations=11 (full 2):
 PSYoungGen      total 140800K, used 87012K [0x00000000e0000000, 0x00000000e9f00000, 0x0000000100000000)
  eden space 126976K, 57% used [0x00000000e0000000,0x00000000e4780798,0x00000000e7c00000)
  from space 13824K, 99% used [0x00000000e8c00000,0x00000000e9978908,0x00000000e9980000)
  to   space 16384K, 0% used [0x00000000e7c00000,0x00000000e7c00000,0x00000000e8c00000)
 ParOldGen       total 177664K, used 21111K [0x00000000a0000000, 0x00000000aad80000, 0x00000000e0000000)
  object space 177664K, 11% used [0x00000000a0000000,0x00000000a149dc80,0x00000000aad80000)
 Metaspace       used 57134K, capacity 58884K, committed 59028K, reserved 1099776K
  class space    used 7793K, capacity 8221K, committed 8320K, reserved 1048576K
Event: 16.139 GC heap after
Heap after GC invocations=11 (full 2):
 PSYoungGen      total 143360K, used 16355K [0x00000000e0000000, 0x00000000ebc00000, 0x0000000100000000)
  eden space 126976K, 0% used [0x00000000e0000000,0x00000000e0000000,0x00000000e7c00000)
  from space 16384K, 99% used [0x00000000e7c00000,0x00000000e8bf8dd8,0x00000000e8c00000)
  to   space 18432K, 0% used [0x00000000eaa00000,0x00000000eaa00000,0x00000000ebc00000)
 ParOldGen       total 177664K, used 21976K [0x00000000a0000000, 0x00000000aad80000, 0x00000000e0000000)
  object space 177664K, 12% used [0x00000000a0000000,0x00000000a1576078,0x00000000aad80000)
 Metaspace       used 57134K, capacity 58884K, committed 59028K, reserved 1099776K
  class space    used 7793K, capacity 8221K, committed 8320K, reserved 1048576K
}
Event: 16.139 GC heap before
{Heap before GC invocations=12 (full 3):
 PSYoungGen      total 143360K, used 16355K [0x00000000e0000000, 0x00000000ebc00000, 0x0000000100000000)
  eden space 126976K, 0% used [0x00000000e0000000,0x00000000e0000000,0x00000000e7c00000)
  from space 16384K, 99% used [0x00000000e7c00000,0x00000000e8bf8dd8,0x00000000e8c00000)
  to   space 18432K, 0% used [0x00000000eaa00000,0x00000000eaa00000,0x00000000ebc00000)
 ParOldGen       total 177664K, used 21976K [0x00000000a0000000, 0x00000000aad80000, 0x00000000e0000000)
  object space 177664K, 12% used [0x00000000a0000000,0x00000000a1576078,0x00000000aad80000)
 Metaspace       used 57134K, capacity 58884K, committed 59028K, reserved 1099776K
  class space    used 7793K, capacity 8221K, committed 8320K, reserved 1048576K
Event: 16.288 GC heap after
Heap after GC invocations=12 (full 3):
 PSYoungGen      total 143360K, used 0K [0x00000000e0000000, 0x00000000ebc00000, 0x0000000100000000)
  eden space 126976K, 0% used [0x00000000e0000000,0x00000000e0000000,0x00000000e7c00000)
  from space 16384K, 0% used [0x00000000e7c00000,0x00000000e7c00000,0x00000000e8c00000)
  to   space 18432K, 0% used [0x00000000eaa00000,0x00000000eaa00000,0x00000000ebc00000)
 ParOldGen       total 256512K, used 31038K [0x00000000a0000000, 0x00000000afa80000, 0x00000000e0000000)
  object space 256512K, 12% used [0x00000000a0000000,0x00000000a1e4f848,0x00000000afa80000)
 Metaspace       used 57042K, capacity 58648K, committed 59028K, reserved 1099776K
  class space    used 7766K, capacity 8171K, committed 8320K, reserved 1048576K
}
Event: 642.140 GC heap before
{Heap before GC invocations=13 (full 3):
 PSYoungGen      total 143360K, used 126976K [0x00000000e0000000, 0x00000000ebc00000, 0x0000000100000000)
  eden space 126976K, 100% used [0x00000000e0000000,0x00000000e7c00000,0x00000000e7c00000)
  from space 16384K, 0% used [0x00000000e7c00000,0x00000000e7c00000,0x00000000e8c00000)
  to   space 18432K, 0% used [0x00000000eaa00000,0x00000000eaa00000,0x00000000ebc00000)
 ParOldGen       total 256512K, used 31038K [0x00000000a0000000, 0x00000000afa80000, 0x00000000e0000000)
  object space 256512K, 12% used [0x00000000a0000000,0x00000000a1e4f848,0x00000000afa80000)
 Metaspace       used 63271K, capacity 65192K, committed 65368K, reserved 1105920K
  class space    used 8343K, capacity 8777K, committed 8832K, reserved 1048576K
Event: 642.149 GC heap after
Heap after GC invocations=13 (full 3):
 PSYoungGen      total 136704K, used 11642K [0x00000000e0000000, 0x00000000eb580000, 0x0000000100000000)
  eden space 124928K, 0% used [0x00000000e0000000,0x00000000e0000000,0x00000000e7a00000)
  from space 11776K, 98% used [0x00000000eaa00000,0x00000000eb55eb58,0x00000000eb580000)
  to   space 17920K, 0% used [0x00000000e9280000,0x00000000e9280000,0x00000000ea400000)
 ParOldGen       total 256512K, used 31046K [0x00000000a0000000, 0x00000000afa80000, 0x00000000e0000000)
  object space 256512K, 12% used [0x00000000a0000000,0x00000000a1e51848,0x00000000afa80000)
 Metaspace       used 63271K, capacity 65192K, committed 65368K, reserved 1105920K
  class space    used 8343K, capacity 8777K, committed 8832K, reserved 1048576K
}

