# JRE version: OpenJDK Runtime Environment (8.0_202-b03) (build 1.8.0_202-release-1483-b03)
# Java VM: OpenJDK 64-Bit Server VM (25.202-b03 mixed mode windows-amd64 compressed oops)
Heap:
 PSYoungGen      total 157696K, used 119480K [0x00000000e0000000, 0x00000000ec000000, 0x0000000100000000)
  eden space 126464K, 71% used [0x00000000e0000000,0x00000000e57b11b0,0x00000000e7b80000)
  from space 31232K, 95% used [0x00000000e9d80000,0x00000000eba7cf90,0x00000000ebc00000)
  to   space 34816K, 0% used [0x00000000e7b80000,0x00000000e7b80000,0x00000000e9d80000)
 ParOldGen       total 173568K, used 51412K [0x00000000a0000000, 0x00000000aa980000, 0x00000000e0000000)
  object space 173568K, 29% used [0x00000000a0000000,0x00000000a32353e0,0x00000000aa980000)
 Metaspace       used 87848K, capacity 93122K, committed 93352K, reserved 1130496K
  class space    used 11443K, capacity 12385K, committed 12456K, reserved 1048576K
GC Heap History (10 events):
Event: 4712.976 GC heap before
{Heap before GC invocations=19 (full 3):
 PSYoungGen      total 162304K, used 162002K [0x00000000e0000000, 0x00000000eb900000, 0x0000000100000000)
  eden space 144384K, 100% used [0x00000000e0000000,0x00000000e8d00000,0x00000000e8d00000)
  from space 17920K, 98% used [0x00000000e9100000,0x00000000ea234ae0,0x00000000ea280000)
  to   space 22528K, 0% used [0x00000000ea300000,0x00000000ea300000,0x00000000eb900000)
 ParOldGen       total 173568K, used 31152K [0x00000000a0000000, 0x00000000aa980000, 0x00000000e0000000)
  object space 173568K, 17% used [0x00000000a0000000,0x00000000a1e6c028,0x00000000aa980000)
 Metaspace       used 77512K, capacity 81180K, committed 81448K, reserved 1120256K
  class space    used 10027K, capacity 10724K, committed 10792K, reserved 1048576K
Event: 4712.995 GC heap after
Heap after GC invocations=19 (full 3):
 PSYoungGen      total 161792K, used 22500K [0x00000000e0000000, 0x00000000ebf80000, 0x0000000100000000)
  eden space 139264K, 0% used [0x00000000e0000000,0x00000000e0000000,0x00000000e8800000)
  from space 22528K, 99% used [0x00000000ea300000,0x00000000eb8f92e8,0x00000000eb900000)
  to   space 27648K, 0% used [0x00000000e8800000,0x00000000e8800000,0x00000000ea300000)
 ParOldGen       total 173568K, used 38501K [0x00000000a0000000, 0x00000000aa980000, 0x00000000e0000000)
  object space 173568K, 22% used [0x00000000a0000000,0x00000000a2599540,0x00000000aa980000)
 Metaspace       used 77512K, capacity 81180K, committed 81448K, reserved 1120256K
  class space    used 10027K, capacity 10724K, committed 10792K, reserved 1048576K
}
Event: 4719.899 GC heap before
{Heap before GC invocations=20 (full 3):
 PSYoungGen      total 161792K, used 161559K [0x00000000e0000000, 0x00000000ebf80000, 0x0000000100000000)
  eden space 139264K, 99% used [0x00000000e0000000,0x00000000e87ccbf0,0x00000000e8800000)
  from space 22528K, 99% used [0x00000000ea300000,0x00000000eb8f92e8,0x00000000eb900000)
  to   space 27648K, 0% used [0x00000000e8800000,0x00000000e8800000,0x00000000ea300000)
 ParOldGen       total 173568K, used 38501K [0x00000000a0000000, 0x00000000aa980000, 0x00000000e0000000)
  object space 173568K, 22% used [0x00000000a0000000,0x00000000a2599540,0x00000000aa980000)
 Metaspace       used 85726K, capacity 90478K, committed 90536K, reserved 1128448K
  class space    used 11294K, capacity 12153K, committed 12200K, reserved 1048576K
Event: 4719.918 GC heap after
Heap after GC invocations=20 (full 3):
 PSYoungGen      total 163840K, used 27638K [0x00000000e0000000, 0x00000000ec600000, 0x0000000100000000)
  eden space 136192K, 0% used [0x00000000e0000000,0x00000000e0000000,0x00000000e8500000)
  from space 27648K, 99% used [0x00000000e8800000,0x00000000ea2fdbb0,0x00000000ea300000)
  to   space 33280K, 0% used [0x00000000ea580000,0x00000000ea580000,0x00000000ec600000)
 ParOldGen       total 173568K, used 43699K [0x00000000a0000000, 0x00000000aa980000, 0x00000000e0000000)
  object space 173568K, 25% used [0x00000000a0000000,0x00000000a2aacda0,0x00000000aa980000)
 Metaspace       used 85726K, capacity 90478K, committed 90536K, reserved 1128448K
  class space    used 11294K, capacity 12153K, committed 12200K, reserved 1048576K
}
Event: 4720.782 GC heap before
{Heap before GC invocations=21 (full 3):
 PSYoungGen      total 163840K, used 163830K [0x00000000e0000000, 0x00000000ec600000, 0x0000000100000000)
  eden space 136192K, 100% used [0x00000000e0000000,0x00000000e8500000,0x00000000e8500000)
  from space 27648K, 99% used [0x00000000e8800000,0x00000000ea2fdbb0,0x00000000ea300000)
  to   space 33280K, 0% used [0x00000000ea580000,0x00000000ea580000,0x00000000ec600000)
 ParOldGen       total 173568K, used 43699K [0x00000000a0000000, 0x00000000aa980000, 0x00000000e0000000)
  object space 173568K, 25% used [0x00000000a0000000,0x00000000a2aacda0,0x00000000aa980000)
 Metaspace       used 86903K, capacity 91938K, committed 92200K, reserved 1128448K
  class space    used 11373K, capacity 12275K, committed 12328K, reserved 1048576K
Event: 4720.803 GC heap after
Heap after GC invocations=21 (full 3):
 PSYoungGen      total 162304K, used 19153K [0x00000000e0000000, 0x00000000ec200000, 0x0000000100000000)
  eden space 133120K, 0% used [0x00000000e0000000,0x00000000e0000000,0x00000000e8200000)
  from space 29184K, 65% used [0x00000000ea580000,0x00000000eb8347f8,0x00000000ec200000)
  to   space 32768K, 0% used [0x00000000e8200000,0x00000000e8200000,0x00000000ea200000)
 ParOldGen       total 173568K, used 51396K [0x00000000a0000000, 0x00000000aa980000, 0x00000000e0000000)
  object space 173568K, 29% used [0x00000000a0000000,0x00000000a32313e0,0x00000000aa980000)
 Metaspace       used 86903K, capacity 91938K, committed 92200K, reserved 1128448K
  class space    used 11373K, capacity 12275K, committed 12328K, reserved 1048576K
}
Event: 4765.056 GC heap before
{Heap before GC invocations=22 (full 3):
 PSYoungGen      total 162304K, used 152273K [0x00000000e0000000, 0x00000000ec200000, 0x0000000100000000)
  eden space 133120K, 100% used [0x00000000e0000000,0x00000000e8200000,0x00000000e8200000)
  from space 29184K, 65% used [0x00000000ea580000,0x00000000eb8347f8,0x00000000ec200000)
  to   space 32768K, 0% used [0x00000000e8200000,0x00000000e8200000,0x00000000ea200000)
 ParOldGen       total 173568K, used 51396K [0x00000000a0000000, 0x00000000aa980000, 0x00000000e0000000)
  object space 173568K, 29% used [0x00000000a0000000,0x00000000a32313e0,0x00000000aa980000)
 Metaspace       used 87421K, capacity 92562K, committed 92840K, reserved 1130496K
  class space    used 11414K, capacity 12375K, committed 12456K, reserved 1048576K
Event: 4765.069 GC heap after
Heap after GC invocations=22 (full 3):
 PSYoungGen      total 146944K, used 16390K [0x00000000e0000000, 0x00000000ebc00000, 0x0000000100000000)
  eden space 130048K, 0% used [0x00000000e0000000,0x00000000e0000000,0x00000000e7f00000)
  from space 16896K, 97% used [0x00000000e8200000,0x00000000e92018e8,0x00000000e9280000)
  to   space 31232K, 0% used [0x00000000e9d80000,0x00000000e9d80000,0x00000000ebc00000)
 ParOldGen       total 173568K, used 51404K [0x00000000a0000000, 0x00000000aa980000, 0x00000000e0000000)
  object space 173568K, 29% used [0x00000000a0000000,0x00000000a32333e0,0x00000000aa980000)
 Metaspace       used 87421K, capacity 92562K, committed 92840K, reserved 1130496K
  class space    used 11414K, capacity 12375K, committed 12456K, reserved 1048576K
}
Event: 4767.708 GC heap before
{Heap before GC invocations=23 (full 3):
 PSYoungGen      total 146944K, used 146438K [0x00000000e0000000, 0x00000000ebc00000, 0x0000000100000000)
  eden space 130048K, 100% used [0x00000000e0000000,0x00000000e7f00000,0x00000000e7f00000)
  from space 16896K, 97% used [0x00000000e8200000,0x00000000e92018e8,0x00000000e9280000)
  to   space 31232K, 0% used [0x00000000e9d80000,0x00000000e9d80000,0x00000000ebc00000)
 ParOldGen       total 173568K, used 51404K [0x00000000a0000000, 0x00000000aa980000, 0x00000000e0000000)
  object space 173568K, 29% used [0x00000000a0000000,0x00000000a32333e0,0x00000000aa980000)
 Metaspace       used 87675K, capacity 92968K, committed 93096K, reserved 1130496K
  class space    used 11418K, capacity 12378K, committed 12456K, reserved 1048576K
Event: 4767.729 GC heap after
Heap after GC invocations=23 (full 3):
 PSYoungGen      total 157696K, used 29683K [0x00000000e0000000, 0x00000000ec000000, 0x0000000100000000)
  eden space 126464K, 0% used [0x00000000e0000000,0x00000000e0000000,0x00000000e7b80000)
  from space 31232K, 95% used [0x00000000e9d80000,0x00000000eba7cf90,0x00000000ebc00000)
  to   space 34816K, 0% used [0x00000000e7b80000,0x00000000e7b80000,0x00000000e9d80000)
 ParOldGen       total 173568K, used 51412K [0x00000000a0000000, 0x00000000aa980000, 0x00000000e0000000)
  object space 173568K, 29% used [0x00000000a0000000,0x00000000a32353e0,0x00000000aa980000)
 Metaspace       used 87675K, capacity 92968K, committed 93096K, reserved 1130496K
  class space    used 11418K, capacity 12378K, committed 12456K, reserved 1048576K
}

