# JRE version: OpenJDK Runtime Environment (8.0_202-b03) (build 1.8.0_202-release-1483-b03)
# Java VM: OpenJDK 64-Bit Server VM (25.202-b03 mixed mode windows-amd64 compressed oops)
Heap:
 PSYoungGen      total 139264K, used 26053K [0x00000000e0000000, 0x00000000eae00000, 0x0000000100000000)
  eden space 128512K, 11% used [0x00000000e0000000,0x00000000e0ef45c0,0x00000000e7d80000)
  from space 10752K, 99% used [0x00000000e7d80000,0x00000000e87fd0c0,0x00000000e8800000)
  to   space 13824K, 0% used [0x00000000ea080000,0x00000000ea080000,0x00000000eae00000)
 ParOldGen       total 110080K, used 21249K [0x00000000a0000000, 0x00000000a6b80000, 0x00000000e0000000)
  object space 110080K, 19% used [0x00000000a0000000,0x00000000a14c0740,0x00000000a6b80000)
 Metaspace       used 48521K, capacity 49774K, committed 49960K, reserved 1091584K
  class space    used 6572K, capacity 6916K, committed 6952K, reserved 1048576K
GC Heap History (10 events):
Event: 3.377 GC heap before
{Heap before GC invocations=5 (full 1):
 PSYoungGen      total 76288K, used 65536K [0x00000000e0000000, 0x00000000e9500000, 0x0000000100000000)
  eden space 65536K, 100% used [0x00000000e0000000,0x00000000e4000000,0x00000000e4000000)
  from space 10752K, 0% used [0x00000000e4000000,0x00000000e4000000,0x00000000e4a80000)
  to   space 10752K, 0% used [0x00000000e8a80000,0x00000000e8a80000,0x00000000e9500000)
 ParOldGen       total 110080K, used 11420K [0x00000000a0000000, 0x00000000a6b80000, 0x00000000e0000000)
  object space 110080K, 10% used [0x00000000a0000000,0x00000000a0b273d0,0x00000000a6b80000)
 Metaspace       used 28882K, capacity 29490K, committed 29824K, reserved 1075200K
  class space    used 3903K, capacity 4100K, committed 4224K, reserved 1048576K
Event: 3.385 GC heap after
Heap after GC invocations=5 (full 1):
 PSYoungGen      total 107520K, used 7890K [0x00000000e0000000, 0x00000000e9280000, 0x0000000100000000)
  eden space 99328K, 0% used [0x00000000e0000000,0x00000000e0000000,0x00000000e6100000)
  from space 8192K, 96% used [0x00000000e8a80000,0x00000000e9234aa0,0x00000000e9280000)
  to   space 10752K, 0% used [0x00000000e7d80000,0x00000000e7d80000,0x00000000e8800000)
 ParOldGen       total 110080K, used 11428K [0x00000000a0000000, 0x00000000a6b80000, 0x00000000e0000000)
  object space 110080K, 10% used [0x00000000a0000000,0x00000000a0b293d0,0x00000000a6b80000)
 Metaspace       used 28882K, capacity 29490K, committed 29824K, reserved 1075200K
  class space    used 3903K, capacity 4100K, committed 4224K, reserved 1048576K
}
Event: 4.186 GC heap before
{Heap before GC invocations=6 (full 1):
 PSYoungGen      total 107520K, used 107218K [0x00000000e0000000, 0x00000000e9280000, 0x0000000100000000)
  eden space 99328K, 100% used [0x00000000e0000000,0x00000000e6100000,0x00000000e6100000)
  from space 8192K, 96% used [0x00000000e8a80000,0x00000000e9234aa0,0x00000000e9280000)
  to   space 10752K, 0% used [0x00000000e7d80000,0x00000000e7d80000,0x00000000e8800000)
 ParOldGen       total 110080K, used 11428K [0x00000000a0000000, 0x00000000a6b80000, 0x00000000e0000000)
  object space 110080K, 10% used [0x00000000a0000000,0x00000000a0b293d0,0x00000000a6b80000)
 Metaspace       used 33908K, capacity 34604K, committed 34944K, reserved 1079296K
  class space    used 4682K, capacity 4887K, committed 4992K, reserved 1048576K
Event: 4.195 GC heap after
Heap after GC invocations=6 (full 1):
 PSYoungGen      total 139264K, used 10748K [0x00000000e0000000, 0x00000000eae00000, 0x0000000100000000)
  eden space 128512K, 0% used [0x00000000e0000000,0x00000000e0000000,0x00000000e7d80000)
  from space 10752K, 99% used [0x00000000e7d80000,0x00000000e87ff008,0x00000000e8800000)
  to   space 13824K, 0% used [0x00000000ea080000,0x00000000ea080000,0x00000000eae00000)
 ParOldGen       total 110080K, used 11629K [0x00000000a0000000, 0x00000000a6b80000, 0x00000000e0000000)
  object space 110080K, 10% used [0x00000000a0000000,0x00000000a0b5b770,0x00000000a6b80000)
 Metaspace       used 33908K, capacity 34604K, committed 34944K, reserved 1079296K
  class space    used 4682K, capacity 4887K, committed 4992K, reserved 1048576K
}
Event: 4.453 GC heap before
{Heap before GC invocations=7 (full 1):
 PSYoungGen      total 139264K, used 32874K [0x00000000e0000000, 0x00000000eae00000, 0x0000000100000000)
  eden space 128512K, 17% used [0x00000000e0000000,0x00000000e159baf8,0x00000000e7d80000)
  from space 10752K, 99% used [0x00000000e7d80000,0x00000000e87ff008,0x00000000e8800000)
  to   space 13824K, 0% used [0x00000000ea080000,0x00000000ea080000,0x00000000eae00000)
 ParOldGen       total 110080K, used 11629K [0x00000000a0000000, 0x00000000a6b80000, 0x00000000e0000000)
  object space 110080K, 10% used [0x00000000a0000000,0x00000000a0b5b770,0x00000000a6b80000)
 Metaspace       used 34637K, capacity 35468K, committed 35496K, reserved 1079296K
  class space    used 4789K, capacity 5005K, committed 5032K, reserved 1048576K
Event: 4.460 GC heap after
Heap after GC invocations=7 (full 1):
 PSYoungGen      total 142336K, used 8450K [0x00000000e0000000, 0x00000000eae00000, 0x0000000100000000)
  eden space 128512K, 0% used [0x00000000e0000000,0x00000000e0000000,0x00000000e7d80000)
  from space 13824K, 61% used [0x00000000ea080000,0x00000000ea8c0b18,0x00000000eae00000)
  to   space 10752K, 0% used [0x00000000e7d80000,0x00000000e7d80000,0x00000000e8800000)
 ParOldGen       total 110080K, used 11637K [0x00000000a0000000, 0x00000000a6b80000, 0x00000000e0000000)
  object space 110080K, 10% used [0x00000000a0000000,0x00000000a0b5d770,0x00000000a6b80000)
 Metaspace       used 34637K, capacity 35468K, committed 35496K, reserved 1079296K
  class space    used 4789K, capacity 5005K, committed 5032K, reserved 1048576K
}
Event: 4.460 GC heap before
{Heap before GC invocations=8 (full 2):
 PSYoungGen      total 142336K, used 8450K [0x00000000e0000000, 0x00000000eae00000, 0x0000000100000000)
  eden space 128512K, 0% used [0x00000000e0000000,0x00000000e0000000,0x00000000e7d80000)
  from space 13824K, 61% used [0x00000000ea080000,0x00000000ea8c0b18,0x00000000eae00000)
  to   space 10752K, 0% used [0x00000000e7d80000,0x00000000e7d80000,0x00000000e8800000)
 ParOldGen       total 110080K, used 11637K [0x00000000a0000000, 0x00000000a6b80000, 0x00000000e0000000)
  object space 110080K, 10% used [0x00000000a0000000,0x00000000a0b5d770,0x00000000a6b80000)
 Metaspace       used 34637K, capacity 35468K, committed 35496K, reserved 1079296K
  class space    used 4789K, capacity 5005K, committed 5032K, reserved 1048576K
Event: 4.534 GC heap after
Heap after GC invocations=8 (full 2):
 PSYoungGen      total 142336K, used 0K [0x00000000e0000000, 0x00000000eae00000, 0x0000000100000000)
  eden space 128512K, 0% used [0x00000000e0000000,0x00000000e0000000,0x00000000e7d80000)
  from space 13824K, 0% used [0x00000000ea080000,0x00000000ea080000,0x00000000eae00000)
  to   space 10752K, 0% used [0x00000000e7d80000,0x00000000e7d80000,0x00000000e8800000)
 ParOldGen       total 110080K, used 15282K [0x00000000a0000000, 0x00000000a6b80000, 0x00000000e0000000)
  object space 110080K, 13% used [0x00000000a0000000,0x00000000a0eec820,0x00000000a6b80000)
 Metaspace       used 34616K, capacity 35402K, committed 35496K, reserved 1079296K
  class space    used 4783K, capacity 4994K, committed 5032K, reserved 1048576K
}
Event: 5.877 GC heap before
{Heap before GC invocations=9 (full 2):
 PSYoungGen      total 142336K, used 128512K [0x00000000e0000000, 0x00000000eae00000, 0x0000000100000000)
  eden space 128512K, 100% used [0x00000000e0000000,0x00000000e7d80000,0x00000000e7d80000)
  from space 13824K, 0% used [0x00000000ea080000,0x00000000ea080000,0x00000000eae00000)
  to   space 10752K, 0% used [0x00000000e7d80000,0x00000000e7d80000,0x00000000e8800000)
 ParOldGen       total 110080K, used 15282K [0x00000000a0000000, 0x00000000a6b80000, 0x00000000e0000000)
  object space 110080K, 13% used [0x00000000a0000000,0x00000000a0eec820,0x00000000a6b80000)
 Metaspace       used 47471K, capacity 48712K, committed 48808K, reserved 1091584K
  class space    used 6407K, capacity 6763K, committed 6824K, reserved 1048576K
Event: 5.890 GC heap after
Heap after GC invocations=9 (full 2):
 PSYoungGen      total 139264K, used 10740K [0x00000000e0000000, 0x00000000eae00000, 0x0000000100000000)
  eden space 128512K, 0% used [0x00000000e0000000,0x00000000e0000000,0x00000000e7d80000)
  from space 10752K, 99% used [0x00000000e7d80000,0x00000000e87fd0c0,0x00000000e8800000)
  to   space 13824K, 0% used [0x00000000ea080000,0x00000000ea080000,0x00000000eae00000)
 ParOldGen       total 110080K, used 21249K [0x00000000a0000000, 0x00000000a6b80000, 0x00000000e0000000)
  object space 110080K, 19% used [0x00000000a0000000,0x00000000a14c0740,0x00000000a6b80000)
 Metaspace       used 47471K, capacity 48712K, committed 48808K, reserved 1091584K
  class space    used 6407K, capacity 6763K, committed 6824K, reserved 1048576K
}

