# JRE version: OpenJDK Runtime Environment (8.0_202-b03) (build 1.8.0_202-release-1483-b03)
# Java VM: OpenJDK 64-Bit Server VM (25.202-b03 mixed mode windows-amd64 compressed oops)
Heap:
 PSYoungGen      total 108544K, used 62269K [0x00000000e0000000, 0x00000000e9400000, 0x0000000100000000)
  eden space 95744K, 51% used [0x00000000e0000000,0x00000000e3056678,0x00000000e5d80000)
  from space 12800K, 99% used [0x00000000e5d80000,0x00000000e69f8d90,0x00000000e6a00000)
  to   space 14848K, 0% used [0x00000000e8580000,0x00000000e8580000,0x00000000e9400000)
 ParOldGen       total 192000K, used 17984K [0x00000000a0000000, 0x00000000abb80000, 0x00000000e0000000)
  object space 192000K, 9% used [0x00000000a0000000,0x00000000a11900a0,0x00000000abb80000)
 Metaspace       used 48674K, capacity 49978K, committed 50216K, reserved 1093632K
  class space    used 6595K, capacity 6916K, committed 6952K, reserved 1048576K
GC Heap History (10 events):
Event: 3.392 GC heap before
{Heap before GC invocations=5 (full 1):
 PSYoungGen      total 76288K, used 65536K [0x00000000e0000000, 0x00000000e5500000, 0x0000000100000000)
  eden space 65536K, 100% used [0x00000000e0000000,0x00000000e4000000,0x00000000e4000000)
  from space 10752K, 0% used [0x00000000e4000000,0x00000000e4000000,0x00000000e4a80000)
  to   space 10752K, 0% used [0x00000000e4a80000,0x00000000e4a80000,0x00000000e5500000)
 ParOldGen       total 114176K, used 11471K [0x00000000a0000000, 0x00000000a6f80000, 0x00000000e0000000)
  object space 114176K, 10% used [0x00000000a0000000,0x00000000a0b33f18,0x00000000a6f80000)
 Metaspace       used 28880K, capacity 29434K, committed 29824K, reserved 1075200K
  class space    used 3904K, capacity 4100K, committed 4224K, reserved 1048576K
Event: 3.397 GC heap after
Heap after GC invocations=5 (full 1):
 PSYoungGen      total 76288K, used 7919K [0x00000000e0000000, 0x00000000e7100000, 0x0000000100000000)
  eden space 65536K, 0% used [0x00000000e0000000,0x00000000e0000000,0x00000000e4000000)
  from space 10752K, 73% used [0x00000000e4a80000,0x00000000e523bdc0,0x00000000e5500000)
  to   space 10752K, 0% used [0x00000000e4000000,0x00000000e4000000,0x00000000e4a80000)
 ParOldGen       total 114176K, used 11479K [0x00000000a0000000, 0x00000000a6f80000, 0x00000000e0000000)
  object space 114176K, 10% used [0x00000000a0000000,0x00000000a0b35f18,0x00000000a6f80000)
 Metaspace       used 28880K, capacity 29434K, committed 29824K, reserved 1075200K
  class space    used 3904K, capacity 4100K, committed 4224K, reserved 1048576K
}
Event: 3.864 GC heap before
{Heap before GC invocations=6 (full 1):
 PSYoungGen      total 76288K, used 73455K [0x00000000e0000000, 0x00000000e7100000, 0x0000000100000000)
  eden space 65536K, 100% used [0x00000000e0000000,0x00000000e4000000,0x00000000e4000000)
  from space 10752K, 73% used [0x00000000e4a80000,0x00000000e523bdc0,0x00000000e5500000)
  to   space 10752K, 0% used [0x00000000e4000000,0x00000000e4000000,0x00000000e4a80000)
 ParOldGen       total 114176K, used 11479K [0x00000000a0000000, 0x00000000a6f80000, 0x00000000e0000000)
  object space 114176K, 10% used [0x00000000a0000000,0x00000000a0b35f18,0x00000000a6f80000)
 Metaspace       used 32205K, capacity 32798K, committed 33152K, reserved 1077248K
  class space    used 4447K, capacity 4624K, committed 4736K, reserved 1048576K
Event: 3.870 GC heap after
Heap after GC invocations=6 (full 1):
 PSYoungGen      total 76288K, used 8591K [0x00000000e0000000, 0x00000000e7680000, 0x0000000100000000)
  eden space 65536K, 0% used [0x00000000e0000000,0x00000000e0000000,0x00000000e4000000)
  from space 10752K, 79% used [0x00000000e4000000,0x00000000e4863e00,0x00000000e4a80000)
  to   space 12800K, 0% used [0x00000000e6a00000,0x00000000e6a00000,0x00000000e7680000)
 ParOldGen       total 114176K, used 11487K [0x00000000a0000000, 0x00000000a6f80000, 0x00000000e0000000)
  object space 114176K, 10% used [0x00000000a0000000,0x00000000a0b37f18,0x00000000a6f80000)
 Metaspace       used 32205K, capacity 32798K, committed 33152K, reserved 1077248K
  class space    used 4447K, capacity 4624K, committed 4736K, reserved 1048576K
}
Event: 4.428 GC heap before
{Heap before GC invocations=7 (full 1):
 PSYoungGen      total 76288K, used 60199K [0x00000000e0000000, 0x00000000e7680000, 0x0000000100000000)
  eden space 65536K, 78% used [0x00000000e0000000,0x00000000e3265fa8,0x00000000e4000000)
  from space 10752K, 79% used [0x00000000e4000000,0x00000000e4863e00,0x00000000e4a80000)
  to   space 12800K, 0% used [0x00000000e6a00000,0x00000000e6a00000,0x00000000e7680000)
 ParOldGen       total 114176K, used 11487K [0x00000000a0000000, 0x00000000a6f80000, 0x00000000e0000000)
  object space 114176K, 10% used [0x00000000a0000000,0x00000000a0b37f18,0x00000000a6f80000)
 Metaspace       used 34633K, capacity 35454K, committed 35496K, reserved 1079296K
  class space    used 4792K, capacity 5012K, committed 5032K, reserved 1048576K
Event: 4.440 GC heap after
Heap after GC invocations=7 (full 1):
 PSYoungGen      total 108544K, used 9940K [0x00000000e0000000, 0x00000000e7a80000, 0x0000000100000000)
  eden space 95744K, 0% used [0x00000000e0000000,0x00000000e0000000,0x00000000e5d80000)
  from space 12800K, 77% used [0x00000000e6a00000,0x00000000e73b5060,0x00000000e7680000)
  to   space 12800K, 0% used [0x00000000e5d80000,0x00000000e5d80000,0x00000000e6a00000)
 ParOldGen       total 114176K, used 11495K [0x00000000a0000000, 0x00000000a6f80000, 0x00000000e0000000)
  object space 114176K, 10% used [0x00000000a0000000,0x00000000a0b39f18,0x00000000a6f80000)
 Metaspace       used 34633K, capacity 35454K, committed 35496K, reserved 1079296K
  class space    used 4792K, capacity 5012K, committed 5032K, reserved 1048576K
}
Event: 4.440 GC heap before
{Heap before GC invocations=8 (full 2):
 PSYoungGen      total 108544K, used 9940K [0x00000000e0000000, 0x00000000e7a80000, 0x0000000100000000)
  eden space 95744K, 0% used [0x00000000e0000000,0x00000000e0000000,0x00000000e5d80000)
  from space 12800K, 77% used [0x00000000e6a00000,0x00000000e73b5060,0x00000000e7680000)
  to   space 12800K, 0% used [0x00000000e5d80000,0x00000000e5d80000,0x00000000e6a00000)
 ParOldGen       total 114176K, used 11495K [0x00000000a0000000, 0x00000000a6f80000, 0x00000000e0000000)
  object space 114176K, 10% used [0x00000000a0000000,0x00000000a0b39f18,0x00000000a6f80000)
 Metaspace       used 34633K, capacity 35454K, committed 35496K, reserved 1079296K
  class space    used 4792K, capacity 5012K, committed 5032K, reserved 1048576K
Event: 4.536 GC heap after
Heap after GC invocations=8 (full 2):
 PSYoungGen      total 108544K, used 0K [0x00000000e0000000, 0x00000000e7a80000, 0x0000000100000000)
  eden space 95744K, 0% used [0x00000000e0000000,0x00000000e0000000,0x00000000e5d80000)
  from space 12800K, 0% used [0x00000000e6a00000,0x00000000e6a00000,0x00000000e7680000)
  to   space 12800K, 0% used [0x00000000e5d80000,0x00000000e5d80000,0x00000000e6a00000)
 ParOldGen       total 192000K, used 16637K [0x00000000a0000000, 0x00000000abb80000, 0x00000000e0000000)
  object space 192000K, 8% used [0x00000000a0000000,0x00000000a103f5d0,0x00000000abb80000)
 Metaspace       used 34601K, capacity 35346K, committed 35496K, reserved 1079296K
  class space    used 4782K, capacity 4994K, committed 5032K, reserved 1048576K
}
Event: 5.709 GC heap before
{Heap before GC invocations=9 (full 2):
 PSYoungGen      total 108544K, used 95744K [0x00000000e0000000, 0x00000000e7a80000, 0x0000000100000000)
  eden space 95744K, 100% used [0x00000000e0000000,0x00000000e5d80000,0x00000000e5d80000)
  from space 12800K, 0% used [0x00000000e6a00000,0x00000000e6a00000,0x00000000e7680000)
  to   space 12800K, 0% used [0x00000000e5d80000,0x00000000e5d80000,0x00000000e6a00000)
 ParOldGen       total 192000K, used 16637K [0x00000000a0000000, 0x00000000abb80000, 0x00000000e0000000)
  object space 192000K, 8% used [0x00000000a0000000,0x00000000a103f5d0,0x00000000abb80000)
 Metaspace       used 44866K, capacity 45780K, committed 45992K, reserved 1089536K
  class space    used 6041K, capacity 6294K, committed 6312K, reserved 1048576K
Event: 5.720 GC heap after
Heap after GC invocations=9 (full 2):
 PSYoungGen      total 108544K, used 12771K [0x00000000e0000000, 0x00000000e9400000, 0x0000000100000000)
  eden space 95744K, 0% used [0x00000000e0000000,0x00000000e0000000,0x00000000e5d80000)
  from space 12800K, 99% used [0x00000000e5d80000,0x00000000e69f8d90,0x00000000e6a00000)
  to   space 14848K, 0% used [0x00000000e8580000,0x00000000e8580000,0x00000000e9400000)
 ParOldGen       total 192000K, used 17984K [0x00000000a0000000, 0x00000000abb80000, 0x00000000e0000000)
  object space 192000K, 9% used [0x00000000a0000000,0x00000000a11900a0,0x00000000abb80000)
 Metaspace       used 44866K, capacity 45780K, committed 45992K, reserved 1089536K
  class space    used 6041K, capacity 6294K, committed 6312K, reserved 1048576K
}

