# JRE version: OpenJDK Runtime Environment (8.0_202-b03) (build 1.8.0_202-release-1483-b03)
# Java VM: OpenJDK 64-Bit Server VM (25.202-b03 mixed mode windows-amd64 compressed oops)
Heap:
 PSYoungGen      total 162816K, used 18869K [0x00000000e0000000, 0x00000000ede80000, 0x0000000100000000)
  eden space 149504K, 3% used [0x00000000e0000000,0x00000000e0574868,0x00000000e9200000)
  from space 13312K, 99% used [0x00000000e9200000,0x00000000e9ef8e28,0x00000000e9f00000)
  to   space 13824K, 0% used [0x00000000e9f00000,0x00000000e9f00000,0x00000000eac80000)
 ParOldGen       total 178176K, used 20783K [0x00000000a0000000, 0x00000000aae00000, 0x00000000e0000000)
  object space 178176K, 11% used [0x00000000a0000000,0x00000000a144bdd0,0x00000000aae00000)
 Metaspace       used 49166K, capacity 50458K, committed 50600K, reserved 1093632K
  class space    used 6647K, capacity 7012K, committed 7080K, reserved 1048576K
GC Heap History (10 events):
Event: 3.340 GC heap before
{Heap before GC invocations=5 (full 1):
 PSYoungGen      total 76288K, used 65536K [0x00000000e0000000, 0x00000000e9500000, 0x0000000100000000)
  eden space 65536K, 100% used [0x00000000e0000000,0x00000000e4000000,0x00000000e4000000)
  from space 10752K, 0% used [0x00000000e4000000,0x00000000e4000000,0x00000000e4a80000)
  to   space 10752K, 0% used [0x00000000e8a80000,0x00000000e8a80000,0x00000000e9500000)
 ParOldGen       total 111104K, used 11489K [0x00000000a0000000, 0x00000000a6c80000, 0x00000000e0000000)
  object space 111104K, 10% used [0x00000000a0000000,0x00000000a0b387c0,0x00000000a6c80000)
 Metaspace       used 28861K, capacity 29402K, committed 29696K, reserved 1075200K
  class space    used 3902K, capacity 4068K, committed 4096K, reserved 1048576K
Event: 3.348 GC heap after
Heap after GC invocations=5 (full 1):
 PSYoungGen      total 107008K, used 7896K [0x00000000e0000000, 0x00000000e9280000, 0x0000000100000000)
  eden space 98816K, 0% used [0x00000000e0000000,0x00000000e0000000,0x00000000e6080000)
  from space 8192K, 96% used [0x00000000e8a80000,0x00000000e9236238,0x00000000e9280000)
  to   space 10752K, 0% used [0x00000000e7d80000,0x00000000e7d80000,0x00000000e8800000)
 ParOldGen       total 111104K, used 11497K [0x00000000a0000000, 0x00000000a6c80000, 0x00000000e0000000)
  object space 111104K, 10% used [0x00000000a0000000,0x00000000a0b3a7c0,0x00000000a6c80000)
 Metaspace       used 28861K, capacity 29402K, committed 29696K, reserved 1075200K
  class space    used 3902K, capacity 4068K, committed 4096K, reserved 1048576K
}
Event: 4.140 GC heap before
{Heap before GC invocations=6 (full 1):
 PSYoungGen      total 107008K, used 106712K [0x00000000e0000000, 0x00000000e9280000, 0x0000000100000000)
  eden space 98816K, 100% used [0x00000000e0000000,0x00000000e6080000,0x00000000e6080000)
  from space 8192K, 96% used [0x00000000e8a80000,0x00000000e9236238,0x00000000e9280000)
  to   space 10752K, 0% used [0x00000000e7d80000,0x00000000e7d80000,0x00000000e8800000)
 ParOldGen       total 111104K, used 11497K [0x00000000a0000000, 0x00000000a6c80000, 0x00000000e0000000)
  object space 111104K, 10% used [0x00000000a0000000,0x00000000a0b3a7c0,0x00000000a6c80000)
 Metaspace       used 33931K, capacity 34618K, committed 34944K, reserved 1079296K
  class space    used 4688K, capacity 4888K, committed 4992K, reserved 1048576K
Event: 4.150 GC heap after
Heap after GC invocations=6 (full 1):
 PSYoungGen      total 139264K, used 10737K [0x00000000e0000000, 0x00000000eac80000, 0x0000000100000000)
  eden space 128512K, 0% used [0x00000000e0000000,0x00000000e0000000,0x00000000e7d80000)
  from space 10752K, 99% used [0x00000000e7d80000,0x00000000e87fc688,0x00000000e8800000)
  to   space 13824K, 0% used [0x00000000e9f00000,0x00000000e9f00000,0x00000000eac80000)
 ParOldGen       total 111104K, used 11673K [0x00000000a0000000, 0x00000000a6c80000, 0x00000000e0000000)
  object space 111104K, 10% used [0x00000000a0000000,0x00000000a0b665d8,0x00000000a6c80000)
 Metaspace       used 33931K, capacity 34618K, committed 34944K, reserved 1079296K
  class space    used 4688K, capacity 4888K, committed 4992K, reserved 1048576K
}
Event: 4.399 GC heap before
{Heap before GC invocations=7 (full 1):
 PSYoungGen      total 139264K, used 33310K [0x00000000e0000000, 0x00000000eac80000, 0x0000000100000000)
  eden space 128512K, 17% used [0x00000000e0000000,0x00000000e160b478,0x00000000e7d80000)
  from space 10752K, 99% used [0x00000000e7d80000,0x00000000e87fc688,0x00000000e8800000)
  to   space 13824K, 0% used [0x00000000e9f00000,0x00000000e9f00000,0x00000000eac80000)
 ParOldGen       total 111104K, used 11673K [0x00000000a0000000, 0x00000000a6c80000, 0x00000000e0000000)
  object space 111104K, 10% used [0x00000000a0000000,0x00000000a0b665d8,0x00000000a6c80000)
 Metaspace       used 34677K, capacity 35418K, committed 35496K, reserved 1079296K
  class space    used 4793K, capacity 5006K, committed 5032K, reserved 1048576K
Event: 4.406 GC heap after
Heap after GC invocations=7 (full 1):
 PSYoungGen      total 163328K, used 8486K [0x00000000e0000000, 0x00000000ede80000, 0x0000000100000000)
  eden space 149504K, 0% used [0x00000000e0000000,0x00000000e0000000,0x00000000e9200000)
  from space 13824K, 61% used [0x00000000e9f00000,0x00000000ea7498f8,0x00000000eac80000)
  to   space 13312K, 0% used [0x00000000e9200000,0x00000000e9200000,0x00000000e9f00000)
 ParOldGen       total 111104K, used 11681K [0x00000000a0000000, 0x00000000a6c80000, 0x00000000e0000000)
  object space 111104K, 10% used [0x00000000a0000000,0x00000000a0b685d8,0x00000000a6c80000)
 Metaspace       used 34677K, capacity 35418K, committed 35496K, reserved 1079296K
  class space    used 4793K, capacity 5006K, committed 5032K, reserved 1048576K
}
Event: 4.406 GC heap before
{Heap before GC invocations=8 (full 2):
 PSYoungGen      total 163328K, used 8486K [0x00000000e0000000, 0x00000000ede80000, 0x0000000100000000)
  eden space 149504K, 0% used [0x00000000e0000000,0x00000000e0000000,0x00000000e9200000)
  from space 13824K, 61% used [0x00000000e9f00000,0x00000000ea7498f8,0x00000000eac80000)
  to   space 13312K, 0% used [0x00000000e9200000,0x00000000e9200000,0x00000000e9f00000)
 ParOldGen       total 111104K, used 11681K [0x00000000a0000000, 0x00000000a6c80000, 0x00000000e0000000)
  object space 111104K, 10% used [0x00000000a0000000,0x00000000a0b685d8,0x00000000a6c80000)
 Metaspace       used 34677K, capacity 35418K, committed 35496K, reserved 1079296K
  class space    used 4793K, capacity 5006K, committed 5032K, reserved 1048576K
Event: 4.482 GC heap after
Heap after GC invocations=8 (full 2):
 PSYoungGen      total 163328K, used 0K [0x00000000e0000000, 0x00000000ede80000, 0x0000000100000000)
  eden space 149504K, 0% used [0x00000000e0000000,0x00000000e0000000,0x00000000e9200000)
  from space 13824K, 0% used [0x00000000e9f00000,0x00000000e9f00000,0x00000000eac80000)
  to   space 13312K, 0% used [0x00000000e9200000,0x00000000e9200000,0x00000000e9f00000)
 ParOldGen       total 178176K, used 15427K [0x00000000a0000000, 0x00000000aae00000, 0x00000000e0000000)
  object space 178176K, 8% used [0x00000000a0000000,0x00000000a0f10ec0,0x00000000aae00000)
 Metaspace       used 34655K, capacity 35346K, committed 35496K, reserved 1079296K
  class space    used 4787K, capacity 4994K, committed 5032K, reserved 1048576K
}
Event: 6.058 GC heap before
{Heap before GC invocations=9 (full 2):
 PSYoungGen      total 163328K, used 149504K [0x00000000e0000000, 0x00000000ede80000, 0x0000000100000000)
  eden space 149504K, 100% used [0x00000000e0000000,0x00000000e9200000,0x00000000e9200000)
  from space 13824K, 0% used [0x00000000e9f00000,0x00000000e9f00000,0x00000000eac80000)
  to   space 13312K, 0% used [0x00000000e9200000,0x00000000e9200000,0x00000000e9f00000)
 ParOldGen       total 178176K, used 15427K [0x00000000a0000000, 0x00000000aae00000, 0x00000000e0000000)
  object space 178176K, 8% used [0x00000000a0000000,0x00000000a0f10ec0,0x00000000aae00000)
 Metaspace       used 48882K, capacity 50170K, committed 50344K, reserved 1093632K
  class space    used 6614K, capacity 6980K, committed 7080K, reserved 1048576K
Event: 6.076 GC heap after
Heap after GC invocations=9 (full 2):
 PSYoungGen      total 162816K, used 13283K [0x00000000e0000000, 0x00000000ede80000, 0x0000000100000000)
  eden space 149504K, 0% used [0x00000000e0000000,0x00000000e0000000,0x00000000e9200000)
  from space 13312K, 99% used [0x00000000e9200000,0x00000000e9ef8e28,0x00000000e9f00000)
  to   space 13824K, 0% used [0x00000000e9f00000,0x00000000e9f00000,0x00000000eac80000)
 ParOldGen       total 178176K, used 20783K [0x00000000a0000000, 0x00000000aae00000, 0x00000000e0000000)
  object space 178176K, 11% used [0x00000000a0000000,0x00000000a144bdd0,0x00000000aae00000)
 Metaspace       used 48882K, capacity 50170K, committed 50344K, reserved 1093632K
  class space    used 6614K, capacity 6980K, committed 7080K, reserved 1048576K
}

