# JRE version: OpenJDK Runtime Environment (8.0_202-b03) (build 1.8.0_202-release-1483-b03)
# Java VM: OpenJDK 64-Bit Server VM (25.202-b03 mixed mode windows-amd64 compressed oops)
Heap:
 PSYoungGen      total 121344K, used 71392K [0x00000000e0000000, 0x00000000e8d80000, 0x0000000100000000)
  eden space 103936K, 51% used [0x00000000e0000000,0x00000000e34b8428,0x00000000e6580000)
  from space 17408K, 99% used [0x00000000e7880000,0x00000000e897fec8,0x00000000e8980000)
  to   space 19456K, 0% used [0x00000000e6580000,0x00000000e6580000,0x00000000e7880000)
 ParOldGen       total 129024K, used 31073K [0x00000000a0000000, 0x00000000a7e00000, 0x00000000e0000000)
  object space 129024K, 24% used [0x00000000a0000000,0x00000000a1e58788,0x00000000a7e00000)
 Metaspace       used 64282K, capacity 66410K, committed 66456K, reserved 1105920K
  class space    used 8616K, capacity 9112K, committed 9128K, reserved 1048576K
GC Heap History (10 events):
Event: 19.224 GC heap before
{Heap before GC invocations=11 (full 2):
 PSYoungGen      total 92160K, used 90814K [0x00000000e0000000, 0x00000000e6780000, 0x0000000100000000)
  eden space 79360K, 100% used [0x00000000e0000000,0x00000000e4d80000,0x00000000e4d80000)
  from space 12800K, 89% used [0x00000000e5a80000,0x00000000e65afa70,0x00000000e6700000)
  to   space 13312K, 0% used [0x00000000e4d80000,0x00000000e4d80000,0x00000000e5a80000)
 ParOldGen       total 129024K, used 16635K [0x00000000a0000000, 0x00000000a7e00000, 0x00000000e0000000)
  object space 129024K, 12% used [0x00000000a0000000,0x00000000a103edb8,0x00000000a7e00000)
 Metaspace       used 54010K, capacity 55526K, committed 55592K, reserved 1097728K
  class space    used 7307K, capacity 7714K, committed 7720K, reserved 1048576K
Event: 19.236 GC heap after
Heap after GC invocations=11 (full 2):
 PSYoungGen      total 92672K, used 13303K [0x00000000e0000000, 0x00000000e7a00000, 0x0000000100000000)
  eden space 79360K, 0% used [0x00000000e0000000,0x00000000e0000000,0x00000000e4d80000)
  from space 13312K, 99% used [0x00000000e4d80000,0x00000000e5a7dff8,0x00000000e5a80000)
  to   space 15872K, 0% used [0x00000000e6a80000,0x00000000e6a80000,0x00000000e7a00000)
 ParOldGen       total 129024K, used 20642K [0x00000000a0000000, 0x00000000a7e00000, 0x00000000e0000000)
  object space 129024K, 15% used [0x00000000a0000000,0x00000000a1428940,0x00000000a7e00000)
 Metaspace       used 54010K, capacity 55526K, committed 55592K, reserved 1097728K
  class space    used 7307K, capacity 7714K, committed 7720K, reserved 1048576K
}
Event: 19.948 GC heap before
{Heap before GC invocations=12 (full 2):
 PSYoungGen      total 92672K, used 65144K [0x00000000e0000000, 0x00000000e7a00000, 0x0000000100000000)
  eden space 79360K, 65% used [0x00000000e0000000,0x00000000e32a0308,0x00000000e4d80000)
  from space 13312K, 99% used [0x00000000e4d80000,0x00000000e5a7dff8,0x00000000e5a80000)
  to   space 15872K, 0% used [0x00000000e6a80000,0x00000000e6a80000,0x00000000e7a00000)
 ParOldGen       total 129024K, used 20642K [0x00000000a0000000, 0x00000000a7e00000, 0x00000000e0000000)
  object space 129024K, 15% used [0x00000000a0000000,0x00000000a1428940,0x00000000a7e00000)
 Metaspace       used 57480K, capacity 59098K, committed 59160K, reserved 1099776K
  class space    used 7824K, capacity 8232K, committed 8232K, reserved 1048576K
Event: 19.960 GC heap after
Heap after GC invocations=12 (full 2):
 PSYoungGen      total 107520K, used 15851K [0x00000000e0000000, 0x00000000e8100000, 0x0000000100000000)
  eden space 91648K, 0% used [0x00000000e0000000,0x00000000e0000000,0x00000000e5980000)
  from space 15872K, 99% used [0x00000000e6a80000,0x00000000e79fae00,0x00000000e7a00000)
  to   space 17408K, 0% used [0x00000000e5980000,0x00000000e5980000,0x00000000e6a80000)
 ParOldGen       total 129024K, used 21098K [0x00000000a0000000, 0x00000000a7e00000, 0x00000000e0000000)
  object space 129024K, 16% used [0x00000000a0000000,0x00000000a149a8e8,0x00000000a7e00000)
 Metaspace       used 57480K, capacity 59098K, committed 59160K, reserved 1099776K
  class space    used 7824K, capacity 8232K, committed 8232K, reserved 1048576K
}
Event: 19.960 GC heap before
{Heap before GC invocations=13 (full 3):
 PSYoungGen      total 107520K, used 15851K [0x00000000e0000000, 0x00000000e8100000, 0x0000000100000000)
  eden space 91648K, 0% used [0x00000000e0000000,0x00000000e0000000,0x00000000e5980000)
  from space 15872K, 99% used [0x00000000e6a80000,0x00000000e79fae00,0x00000000e7a00000)
  to   space 17408K, 0% used [0x00000000e5980000,0x00000000e5980000,0x00000000e6a80000)
 ParOldGen       total 129024K, used 21098K [0x00000000a0000000, 0x00000000a7e00000, 0x00000000e0000000)
  object space 129024K, 16% used [0x00000000a0000000,0x00000000a149a8e8,0x00000000a7e00000)
 Metaspace       used 57480K, capacity 59098K, committed 59160K, reserved 1099776K
  class space    used 7824K, capacity 8232K, committed 8232K, reserved 1048576K
Event: 20.186 GC heap after
Heap after GC invocations=13 (full 3):
 PSYoungGen      total 107520K, used 0K [0x00000000e0000000, 0x00000000e8100000, 0x0000000100000000)
  eden space 91648K, 0% used [0x00000000e0000000,0x00000000e0000000,0x00000000e5980000)
  from space 15872K, 0% used [0x00000000e6a80000,0x00000000e6a80000,0x00000000e7a00000)
  to   space 17408K, 0% used [0x00000000e5980000,0x00000000e5980000,0x00000000e6a80000)
 ParOldGen       total 129024K, used 30293K [0x00000000a0000000, 0x00000000a7e00000, 0x00000000e0000000)
  object space 129024K, 23% used [0x00000000a0000000,0x00000000a1d955e8,0x00000000a7e00000)
 Metaspace       used 57480K, capacity 59098K, committed 59160K, reserved 1099776K
  class space    used 7824K, capacity 8232K, committed 8232K, reserved 1048576K
}
Event: 23.129 GC heap before
{Heap before GC invocations=14 (full 3):
 PSYoungGen      total 107520K, used 91648K [0x00000000e0000000, 0x00000000e8100000, 0x0000000100000000)
  eden space 91648K, 100% used [0x00000000e0000000,0x00000000e5980000,0x00000000e5980000)
  from space 15872K, 0% used [0x00000000e6a80000,0x00000000e6a80000,0x00000000e7a00000)
  to   space 17408K, 0% used [0x00000000e5980000,0x00000000e5980000,0x00000000e6a80000)
 ParOldGen       total 129024K, used 30293K [0x00000000a0000000, 0x00000000a7e00000, 0x00000000e0000000)
  object space 129024K, 23% used [0x00000000a0000000,0x00000000a1d955e8,0x00000000a7e00000)
 Metaspace       used 60476K, capacity 62532K, committed 62744K, reserved 1103872K
  class space    used 8248K, capacity 8717K, committed 8744K, reserved 1048576K
Event: 23.134 GC heap after
Heap after GC invocations=14 (full 3):
 PSYoungGen      total 109056K, used 7982K [0x00000000e0000000, 0x00000000e8980000, 0x0000000100000000)
  eden space 91648K, 0% used [0x00000000e0000000,0x00000000e0000000,0x00000000e5980000)
  from space 17408K, 45% used [0x00000000e5980000,0x00000000e614b898,0x00000000e6a80000)
  to   space 17408K, 0% used [0x00000000e7880000,0x00000000e7880000,0x00000000e8980000)
 ParOldGen       total 129024K, used 30301K [0x00000000a0000000, 0x00000000a7e00000, 0x00000000e0000000)
  object space 129024K, 23% used [0x00000000a0000000,0x00000000a1d975e8,0x00000000a7e00000)
 Metaspace       used 60476K, capacity 62532K, committed 62744K, reserved 1103872K
  class space    used 8248K, capacity 8717K, committed 8744K, reserved 1048576K
}
Event: 24.737 GC heap before
{Heap before GC invocations=15 (full 3):
 PSYoungGen      total 109056K, used 99630K [0x00000000e0000000, 0x00000000e8980000, 0x0000000100000000)
  eden space 91648K, 100% used [0x00000000e0000000,0x00000000e5980000,0x00000000e5980000)
  from space 17408K, 45% used [0x00000000e5980000,0x00000000e614b898,0x00000000e6a80000)
  to   space 17408K, 0% used [0x00000000e7880000,0x00000000e7880000,0x00000000e8980000)
 ParOldGen       total 129024K, used 30301K [0x00000000a0000000, 0x00000000a7e00000, 0x00000000e0000000)
  object space 129024K, 23% used [0x00000000a0000000,0x00000000a1d975e8,0x00000000a7e00000)
 Metaspace       used 63872K, capacity 65990K, committed 66200K, reserved 1105920K
  class space    used 8575K, capacity 9032K, committed 9128K, reserved 1048576K
Event: 24.749 GC heap after
Heap after GC invocations=15 (full 3):
 PSYoungGen      total 121344K, used 17407K [0x00000000e0000000, 0x00000000e8d80000, 0x0000000100000000)
  eden space 103936K, 0% used [0x00000000e0000000,0x00000000e0000000,0x00000000e6580000)
  from space 17408K, 99% used [0x00000000e7880000,0x00000000e897fec8,0x00000000e8980000)
  to   space 19456K, 0% used [0x00000000e6580000,0x00000000e6580000,0x00000000e7880000)
 ParOldGen       total 129024K, used 31073K [0x00000000a0000000, 0x00000000a7e00000, 0x00000000e0000000)
  object space 129024K, 24% used [0x00000000a0000000,0x00000000a1e58788,0x00000000a7e00000)
 Metaspace       used 63872K, capacity 65990K, committed 66200K, reserved 1105920K
  class space    used 8575K, capacity 9032K, committed 9128K, reserved 1048576K
}

